<?xml version="1.0" encoding="UTF-8"?>
<!-- Generated by org.testng.reporters.JUnitReportReporter -->
<testsuite hostname="DESKTOP-8AL2ADI" failures="0" tests="1" name="testCases.TC_002LoginTest" time="21.844" errors="0" timestamp="2024-11-13T12:02:51 IST" skipped="0">
  <testcase classname="testCases.TC_002LoginTest" name="verify_Login" time="21.844"/>
</testsuite> <!-- testCases.TC_002LoginTest -->
