<?xml version="1.0" encoding="UTF-8"?>
<!-- Generated by org.testng.reporters.JUnitReportReporter -->
<testsuite hostname="DESKTOP-8AL2ADI" failures="0" tests="1" name="testCases.TC_001AccountRegistrationTest" time="49.882" errors="0" timestamp="2024-11-19T14:21:58 IST" skipped="0">
  <testcase classname="testCases.TC_001AccountRegistrationTest" name="verify_account_registratoin" time="49.882"/>
</testsuite> <!-- testCases.TC_001AccountRegistrationTest -->
