<?xml version="1.0" encoding="UTF-8"?>
<!-- Generated by org.testng.reporters.JUnitReportReporter -->
<testsuite hostname="DESKTOP-8AL2ADI" failures="0" tests="1" name="testCases.TC_001AccountRegistrationTest" time="16.391" errors="0" timestamp="2024-11-23T10:52:56 IST" skipped="0">
  <testcase classname="testCases.TC_001AccountRegistrationTest" name="verify_account_registratoin" time="16.391"/>
</testsuite> <!-- testCases.TC_001AccountRegistrationTest -->
